{"/media/dhimas/DATA/Kuliah/SI_KampusMerdeka/Binar Academy/coding/chapter-07/todo/app.js": {"path":"/media/dhimas/DATA/Kuliah/SI_KampusMerdeka/Binar Academy/coding/chapter-07/todo/app.js","statementMap":{"0":{"start":{"line":1,"column":16},"end":{"line":1,"column":34}},"1":{"start":{"line":2,"column":12},"end":{"line":2,"column":21}},"2":{"start":{"line":3,"column":13},"end":{"line":3,"column":17}},"3":{"start":{"line":4,"column":15},"end":{"line":4,"column":49}},"4":{"start":{"line":5,"column":21},"end":{"line":5,"column":46}},"5":{"start":{"line":6,"column":15},"end":{"line":6,"column":32}},"6":{"start":{"line":7,"column":15},"end":{"line":7,"column":38}},"7":{"start":{"line":8,"column":13},"end":{"line":8,"column":28}},"8":{"start":{"line":10,"column":0},"end":{"line":10,"column":26}},"9":{"start":{"line":12,"column":0},"end":{"line":14,"column":2}},"10":{"start":{"line":15,"column":0},"end":{"line":15,"column":48}},"11":{"start":{"line":16,"column":0},"end":{"line":16,"column":23}},"12":{"start":{"line":17,"column":0},"end":{"line":20,"column":2}},"13":{"start":{"line":18,"column":2},"end":{"line":18,"column":21}},"14":{"start":{"line":19,"column":2},"end":{"line":19,"column":8}},"15":{"start":{"line":21,"column":0},"end":{"line":21,"column":51}},"16":{"start":{"line":23,"column":0},"end":{"line":23,"column":23}},"17":{"start":{"line":24,"column":0},"end":{"line":24,"column":15}},"18":{"start":{"line":25,"column":0},"end":{"line":25,"column":21}},"19":{"start":{"line":31,"column":0},"end":{"line":31,"column":20}}},"fnMap":{"0":{"name":"(anonymous_0)","decl":{"start":{"line":17,"column":8},"end":{"line":17,"column":9}},"loc":{"start":{"line":17,"column":28},"end":{"line":20,"column":1}},"line":17}},"branchMap":{},"s":{"0":2,"1":2,"2":2,"3":2,"4":2,"5":2,"6":2,"7":2,"8":2,"9":2,"10":2,"11":2,"12":2,"13":25,"14":25,"15":2,"16":2,"17":2,"18":2,"19":2},"f":{"0":25},"b":{},"_coverageSchema":"1a1c01bbd47fc00a2c39e90264f33305004495a9","hash":"c7ed958ff6b2e1785afd99856b8d1db8ada1615b"}
,"/media/dhimas/DATA/Kuliah/SI_KampusMerdeka/Binar Academy/coding/chapter-07/todo/errorHandler.js": {"path":"/media/dhimas/DATA/Kuliah/SI_KampusMerdeka/Binar Academy/coding/chapter-07/todo/errorHandler.js","statementMap":{"0":{"start":{"line":1,"column":0},"end":{"line":13,"column":1}},"1":{"start":{"line":2,"column":2},"end":{"line":12,"column":3}},"2":{"start":{"line":3,"column":4},"end":{"line":5,"column":6}},"3":{"start":{"line":7,"column":4},"end":{"line":7,"column":20}},"4":{"start":{"line":8,"column":4},"end":{"line":8,"column":36}},"5":{"start":{"line":9,"column":4},"end":{"line":11,"column":6}}},"fnMap":{"0":{"name":"(anonymous_0)","decl":{"start":{"line":1,"column":17},"end":{"line":1,"column":18}},"loc":{"start":{"line":1,"column":42},"end":{"line":13,"column":1}},"line":1}},"branchMap":{"0":{"loc":{"start":{"line":2,"column":2},"end":{"line":12,"column":3}},"type":"if","locations":[{"start":{"line":2,"column":2},"end":{"line":12,"column":3}},{"start":{"line":6,"column":9},"end":{"line":12,"column":3}}],"line":2}},"s":{"0":2,"1":19,"2":11,"3":8,"4":8,"5":8},"f":{"0":19},"b":{"0":[11,8]},"_coverageSchema":"1a1c01bbd47fc00a2c39e90264f33305004495a9","hash":"059498d0ced835de38dea6c2fbf1554ce6336e8e"}
,"/media/dhimas/DATA/Kuliah/SI_KampusMerdeka/Binar Academy/coding/chapter-07/todo/passport.js": {"path":"/media/dhimas/DATA/Kuliah/SI_KampusMerdeka/Binar Academy/coding/chapter-07/todo/passport.js","statementMap":{"0":{"start":{"line":1,"column":17},"end":{"line":1,"column":36}},"1":{"start":{"line":2,"column":46},"end":{"line":2,"column":69}},"2":{"start":{"line":3,"column":17},"end":{"line":3,"column":36}},"3":{"start":{"line":6,"column":16},"end":{"line":13,"column":2}},"4":{"start":{"line":15,"column":0},"end":{"line":20,"column":3}},"5":{"start":{"line":17,"column":1},"end":{"line":19,"column":34}},"6":{"start":{"line":18,"column":17},"end":{"line":18,"column":33}},"7":{"start":{"line":19,"column":17},"end":{"line":19,"column":33}},"8":{"start":{"line":22,"column":0},"end":{"line":22,"column":25}}},"fnMap":{"0":{"name":"(anonymous_0)","decl":{"start":{"line":15,"column":38},"end":{"line":15,"column":39}},"loc":{"start":{"line":15,"column":63},"end":{"line":20,"column":1}},"line":15},"1":{"name":"(anonymous_1)","decl":{"start":{"line":18,"column":9},"end":{"line":18,"column":10}},"loc":{"start":{"line":18,"column":17},"end":{"line":18,"column":33}},"line":18},"2":{"name":"(anonymous_2)","decl":{"start":{"line":19,"column":10},"end":{"line":19,"column":11}},"loc":{"start":{"line":19,"column":17},"end":{"line":19,"column":33}},"line":19}},"branchMap":{},"s":{"0":2,"1":2,"2":2,"3":2,"4":2,"5":3,"6":3,"7":0,"8":2},"f":{"0":3,"1":3,"2":0},"b":{},"_coverageSchema":"1a1c01bbd47fc00a2c39e90264f33305004495a9","hash":"714e3100427e2b9291d8b0bfc6716553e428919b"}
,"/media/dhimas/DATA/Kuliah/SI_KampusMerdeka/Binar Academy/coding/chapter-07/todo/controllers/auth.controller.js": {"path":"/media/dhimas/DATA/Kuliah/SI_KampusMerdeka/Binar Academy/coding/chapter-07/todo/controllers/auth.controller.js","statementMap":{"0":{"start":{"line":1,"column":17},"end":{"line":1,"column":37}},"1":{"start":{"line":2,"column":15},"end":{"line":2,"column":34}},"2":{"start":{"line":3,"column":12},"end":{"line":3,"column":35}},"3":{"start":{"line":4,"column":25},"end":{"line":4,"column":55}},"4":{"start":{"line":5,"column":14},"end":{"line":5,"column":30}},"5":{"start":{"line":6,"column":15},"end":{"line":6,"column":95}},"6":{"start":{"line":10,"column":4},"end":{"line":98,"column":5}},"7":{"start":{"line":11,"column":6},"end":{"line":95,"column":7}},"8":{"start":{"line":12,"column":21},"end":{"line":16,"column":10}},"9":{"start":{"line":18,"column":8},"end":{"line":23,"column":9}},"10":{"start":{"line":19,"column":10},"end":{"line":22,"column":11}},"11":{"start":{"line":24,"column":8},"end":{"line":38,"column":9}},"12":{"start":{"line":25,"column":24},"end":{"line":28,"column":22}},"13":{"start":{"line":30,"column":10},"end":{"line":32,"column":12}},"14":{"start":{"line":34,"column":10},"end":{"line":37,"column":11}},"15":{"start":{"line":39,"column":13},"end":{"line":95,"column":7}},"16":{"start":{"line":41,"column":24},"end":{"line":44,"column":10}},"17":{"start":{"line":46,"column":21},"end":{"line":50,"column":10}},"18":{"start":{"line":52,"column":8},"end":{"line":67,"column":9}},"19":{"start":{"line":53,"column":24},"end":{"line":56,"column":22}},"20":{"start":{"line":57,"column":10},"end":{"line":57,"column":41}},"21":{"start":{"line":59,"column":30},"end":{"line":61,"column":12}},"22":{"start":{"line":62,"column":24},"end":{"line":65,"column":22}},"23":{"start":{"line":66,"column":10},"end":{"line":66,"column":41}},"24":{"start":{"line":69,"column":13},"end":{"line":95,"column":7}},"25":{"start":{"line":70,"column":25},"end":{"line":70,"column":167}},"26":{"start":{"line":72,"column":21},"end":{"line":76,"column":10}},"27":{"start":{"line":78,"column":8},"end":{"line":94,"column":9}},"28":{"start":{"line":79,"column":24},"end":{"line":82,"column":22}},"29":{"start":{"line":83,"column":10},"end":{"line":83,"column":41}},"30":{"start":{"line":85,"column":30},"end":{"line":87,"column":12}},"31":{"start":{"line":89,"column":24},"end":{"line":92,"column":22}},"32":{"start":{"line":93,"column":10},"end":{"line":93,"column":41}},"33":{"start":{"line":97,"column":6},"end":{"line":97,"column":15}},"34":{"start":{"line":102,"column":0},"end":{"line":102,"column":31}}},"fnMap":{"0":{"name":"(anonymous_0)","decl":{"start":{"line":9,"column":2},"end":{"line":9,"column":3}},"loc":{"start":{"line":9,"column":37},"end":{"line":99,"column":3}},"line":9}},"branchMap":{"0":{"loc":{"start":{"line":11,"column":6},"end":{"line":95,"column":7}},"type":"if","locations":[{"start":{"line":11,"column":6},"end":{"line":95,"column":7}},{"start":{"line":39,"column":13},"end":{"line":95,"column":7}}],"line":11},"1":{"loc":{"start":{"line":11,"column":10},"end":{"line":11,"column":45}},"type":"binary-expr","locations":[{"start":{"line":11,"column":10},"end":{"line":11,"column":24}},{"start":{"line":11,"column":28},"end":{"line":11,"column":45}}],"line":11},"2":{"loc":{"start":{"line":18,"column":8},"end":{"line":23,"column":9}},"type":"if","locations":[{"start":{"line":18,"column":8},"end":{"line":23,"column":9}},{"start":{},"end":{}}],"line":18},"3":{"loc":{"start":{"line":24,"column":8},"end":{"line":38,"column":9}},"type":"if","locations":[{"start":{"line":24,"column":8},"end":{"line":38,"column":9}},{"start":{"line":33,"column":15},"end":{"line":38,"column":9}}],"line":24},"4":{"loc":{"start":{"line":39,"column":13},"end":{"line":95,"column":7}},"type":"if","locations":[{"start":{"line":39,"column":13},"end":{"line":95,"column":7}},{"start":{"line":69,"column":13},"end":{"line":95,"column":7}}],"line":39},"5":{"loc":{"start":{"line":52,"column":8},"end":{"line":67,"column":9}},"type":"if","locations":[{"start":{"line":52,"column":8},"end":{"line":67,"column":9}},{"start":{"line":58,"column":15},"end":{"line":67,"column":9}}],"line":52},"6":{"loc":{"start":{"line":69,"column":13},"end":{"line":95,"column":7}},"type":"if","locations":[{"start":{"line":69,"column":13},"end":{"line":95,"column":7}},{"start":{},"end":{}}],"line":69},"7":{"loc":{"start":{"line":78,"column":8},"end":{"line":94,"column":9}},"type":"if","locations":[{"start":{"line":78,"column":8},"end":{"line":94,"column":9}},{"start":{"line":84,"column":15},"end":{"line":94,"column":9}}],"line":78}},"s":{"0":2,"1":2,"2":2,"3":2,"4":2,"5":2,"6":3,"7":3,"8":3,"9":3,"10":2,"11":1,"12":1,"13":1,"14":0,"15":0,"16":0,"17":0,"18":0,"19":0,"20":0,"21":0,"22":0,"23":0,"24":0,"25":0,"26":0,"27":0,"28":0,"29":0,"30":0,"31":0,"32":0,"33":2,"34":2},"f":{"0":3},"b":{"0":[3,0],"1":[3,3],"2":[2,1],"3":[1,0],"4":[0,0],"5":[0,0],"6":[0,0],"7":[0,0]},"_coverageSchema":"1a1c01bbd47fc00a2c39e90264f33305004495a9","hash":"ba6e435f13d10b158182eb3a7ceeb3c0cb723015"}
,"/media/dhimas/DATA/Kuliah/SI_KampusMerdeka/Binar Academy/coding/chapter-07/todo/controllers/todo.controller.js": {"path":"/media/dhimas/DATA/Kuliah/SI_KampusMerdeka/Binar Academy/coding/chapter-07/todo/controllers/todo.controller.js","statementMap":{"0":{"start":{"line":1,"column":17},"end":{"line":1,"column":37}},"1":{"start":{"line":2,"column":19},"end":{"line":2,"column":60}},"2":{"start":{"line":3,"column":11},"end":{"line":3,"column":24}},"3":{"start":{"line":7,"column":4},"end":{"line":26,"column":5}},"4":{"start":{"line":9,"column":21},"end":{"line":9,"column":68}},"5":{"start":{"line":11,"column":6},"end":{"line":11,"column":34}},"6":{"start":{"line":12,"column":6},"end":{"line":12,"column":25}},"7":{"start":{"line":14,"column":6},"end":{"line":20,"column":8}},"8":{"start":{"line":21,"column":6},"end":{"line":23,"column":8}},"9":{"start":{"line":25,"column":6},"end":{"line":25,"column":15}},"10":{"start":{"line":30,"column":4},"end":{"line":40,"column":5}},"11":{"start":{"line":31,"column":20},"end":{"line":36,"column":8}},"12":{"start":{"line":37,"column":6},"end":{"line":37,"column":33}},"13":{"start":{"line":39,"column":6},"end":{"line":39,"column":15}},"14":{"start":{"line":44,"column":4},"end":{"line":73,"column":5}},"15":{"start":{"line":45,"column":19},"end":{"line":49,"column":8}},"16":{"start":{"line":51,"column":6},"end":{"line":69,"column":7}},"17":{"start":{"line":52,"column":8},"end":{"line":55,"column":9}},"18":{"start":{"line":57,"column":8},"end":{"line":68,"column":9}},"19":{"start":{"line":58,"column":10},"end":{"line":61,"column":11}},"20":{"start":{"line":63,"column":10},"end":{"line":67,"column":12}},"21":{"start":{"line":72,"column":6},"end":{"line":72,"column":15}},"22":{"start":{"line":77,"column":4},"end":{"line":89,"column":5}},"23":{"start":{"line":78,"column":6},"end":{"line":83,"column":8}},"24":{"start":{"line":84,"column":6},"end":{"line":86,"column":8}},"25":{"start":{"line":88,"column":6},"end":{"line":88,"column":15}},"26":{"start":{"line":93,"column":4},"end":{"line":124,"column":5}},"27":{"start":{"line":94,"column":19},"end":{"line":98,"column":8}},"28":{"start":{"line":100,"column":6},"end":{"line":121,"column":7}},"29":{"start":{"line":101,"column":8},"end":{"line":104,"column":9}},"30":{"start":{"line":106,"column":8},"end":{"line":120,"column":9}},"31":{"start":{"line":107,"column":10},"end":{"line":110,"column":11}},"32":{"start":{"line":112,"column":10},"end":{"line":116,"column":12}},"33":{"start":{"line":117,"column":10},"end":{"line":119,"column":12}},"34":{"start":{"line":123,"column":6},"end":{"line":123,"column":15}},"35":{"start":{"line":128,"column":0},"end":{"line":128,"column":31}}},"fnMap":{"0":{"name":"(anonymous_0)","decl":{"start":{"line":6,"column":2},"end":{"line":6,"column":3}},"loc":{"start":{"line":6,"column":38},"end":{"line":27,"column":3}},"line":6},"1":{"name":"(anonymous_1)","decl":{"start":{"line":29,"column":2},"end":{"line":29,"column":3}},"loc":{"start":{"line":29,"column":30},"end":{"line":41,"column":3}},"line":29},"2":{"name":"(anonymous_2)","decl":{"start":{"line":43,"column":2},"end":{"line":43,"column":3}},"loc":{"start":{"line":43,"column":39},"end":{"line":74,"column":3}},"line":43},"3":{"name":"(anonymous_3)","decl":{"start":{"line":76,"column":2},"end":{"line":76,"column":3}},"loc":{"start":{"line":76,"column":42},"end":{"line":90,"column":3}},"line":76},"4":{"name":"(anonymous_4)","decl":{"start":{"line":92,"column":2},"end":{"line":92,"column":3}},"loc":{"start":{"line":92,"column":38},"end":{"line":125,"column":3}},"line":92}},"branchMap":{"0":{"loc":{"start":{"line":51,"column":6},"end":{"line":69,"column":7}},"type":"if","locations":[{"start":{"line":51,"column":6},"end":{"line":69,"column":7}},{"start":{"line":56,"column":13},"end":{"line":69,"column":7}}],"line":51},"1":{"loc":{"start":{"line":57,"column":8},"end":{"line":68,"column":9}},"type":"if","locations":[{"start":{"line":57,"column":8},"end":{"line":68,"column":9}},{"start":{"line":62,"column":15},"end":{"line":68,"column":9}}],"line":57},"2":{"loc":{"start":{"line":100,"column":6},"end":{"line":121,"column":7}},"type":"if","locations":[{"start":{"line":100,"column":6},"end":{"line":121,"column":7}},{"start":{"line":105,"column":13},"end":{"line":121,"column":7}}],"line":100},"3":{"loc":{"start":{"line":106,"column":8},"end":{"line":120,"column":9}},"type":"if","locations":[{"start":{"line":106,"column":8},"end":{"line":120,"column":9}},{"start":{"line":111,"column":15},"end":{"line":120,"column":9}}],"line":106}},"s":{"0":2,"1":2,"2":2,"3":0,"4":0,"5":0,"6":0,"7":0,"8":0,"9":0,"10":3,"11":3,"12":0,"13":3,"14":5,"15":5,"16":5,"17":1,"18":4,"19":0,"20":0,"21":5,"22":0,"23":0,"24":0,"25":0,"26":4,"27":4,"28":4,"29":0,"30":4,"31":0,"32":0,"33":0,"34":4,"35":2},"f":{"0":0,"1":3,"2":5,"3":0,"4":4},"b":{"0":[1,4],"1":[0,0],"2":[0,4],"3":[0,0]},"_coverageSchema":"1a1c01bbd47fc00a2c39e90264f33305004495a9","hash":"4cd38404b57dcfb7f2a94909b2d60c7621dd273c"}
,"/media/dhimas/DATA/Kuliah/SI_KampusMerdeka/Binar Academy/coding/chapter-07/todo/controllers/user.controller.js": {"path":"/media/dhimas/DATA/Kuliah/SI_KampusMerdeka/Binar Academy/coding/chapter-07/todo/controllers/user.controller.js","statementMap":{"0":{"start":{"line":1,"column":17},"end":{"line":1,"column":37}},"1":{"start":{"line":2,"column":21},"end":{"line":2,"column":45}},"2":{"start":{"line":3,"column":15},"end":{"line":3,"column":34}},"3":{"start":{"line":4,"column":18},"end":{"line":4,"column":58}},"4":{"start":{"line":14,"column":4},"end":{"line":52,"column":5}},"5":{"start":{"line":15,"column":19},"end":{"line":19,"column":8}},"6":{"start":{"line":21,"column":6},"end":{"line":49,"column":7}},"7":{"start":{"line":22,"column":8},"end":{"line":25,"column":9}},"8":{"start":{"line":27,"column":20},"end":{"line":27,"column":96}},"9":{"start":{"line":28,"column":21},"end":{"line":28,"column":43}},"10":{"start":{"line":29,"column":21},"end":{"line":29,"column":47}},"11":{"start":{"line":30,"column":8},"end":{"line":37,"column":10}},"12":{"start":{"line":38,"column":21},"end":{"line":43,"column":9}},"13":{"start":{"line":44,"column":8},"end":{"line":44,"column":103}},"14":{"start":{"line":45,"column":8},"end":{"line":47,"column":10}},"15":{"start":{"line":51,"column":6},"end":{"line":51,"column":15}},"16":{"start":{"line":56,"column":4},"end":{"line":83,"column":5}},"17":{"start":{"line":57,"column":19},"end":{"line":61,"column":8}},"18":{"start":{"line":62,"column":6},"end":{"line":62,"column":23}},"19":{"start":{"line":63,"column":6},"end":{"line":80,"column":7}},"20":{"start":{"line":64,"column":8},"end":{"line":74,"column":9}},"21":{"start":{"line":65,"column":10},"end":{"line":68,"column":12}},"22":{"start":{"line":70,"column":10},"end":{"line":73,"column":11}},"23":{"start":{"line":76,"column":8},"end":{"line":79,"column":9}},"24":{"start":{"line":82,"column":6},"end":{"line":82,"column":15}},"25":{"start":{"line":89,"column":4},"end":{"line":139,"column":5}},"26":{"start":{"line":90,"column":6},"end":{"line":136,"column":7}},"27":{"start":{"line":91,"column":21},"end":{"line":95,"column":10}},"28":{"start":{"line":96,"column":8},"end":{"line":130,"column":9}},"29":{"start":{"line":97,"column":10},"end":{"line":124,"column":11}},"30":{"start":{"line":98,"column":12},"end":{"line":118,"column":13}},"31":{"start":{"line":99,"column":27},"end":{"line":99,"column":49}},"32":{"start":{"line":100,"column":27},"end":{"line":100,"column":67}},"33":{"start":{"line":101,"column":14},"end":{"line":109,"column":16}},"34":{"start":{"line":110,"column":14},"end":{"line":112,"column":16}},"35":{"start":{"line":114,"column":14},"end":{"line":117,"column":15}},"36":{"start":{"line":120,"column":12},"end":{"line":123,"column":13}},"37":{"start":{"line":126,"column":10},"end":{"line":129,"column":11}},"38":{"start":{"line":132,"column":8},"end":{"line":135,"column":9}},"39":{"start":{"line":138,"column":6},"end":{"line":138,"column":15}},"40":{"start":{"line":143,"column":0},"end":{"line":143,"column":31}}},"fnMap":{"0":{"name":"(anonymous_0)","decl":{"start":{"line":7,"column":2},"end":{"line":7,"column":3}},"loc":{"start":{"line":7,"column":55},"end":{"line":53,"column":3}},"line":7},"1":{"name":"(anonymous_1)","decl":{"start":{"line":55,"column":2},"end":{"line":55,"column":3}},"loc":{"start":{"line":55,"column":57},"end":{"line":84,"column":3}},"line":55},"2":{"name":"(anonymous_2)","decl":{"start":{"line":86,"column":2},"end":{"line":86,"column":3}},"loc":{"start":{"line":86,"column":46},"end":{"line":140,"column":3}},"line":86}},"branchMap":{"0":{"loc":{"start":{"line":21,"column":6},"end":{"line":49,"column":7}},"type":"if","locations":[{"start":{"line":21,"column":6},"end":{"line":49,"column":7}},{"start":{"line":26,"column":13},"end":{"line":49,"column":7}}],"line":21},"1":{"loc":{"start":{"line":63,"column":6},"end":{"line":80,"column":7}},"type":"if","locations":[{"start":{"line":63,"column":6},"end":{"line":80,"column":7}},{"start":{"line":75,"column":13},"end":{"line":80,"column":7}}],"line":63},"2":{"loc":{"start":{"line":64,"column":8},"end":{"line":74,"column":9}},"type":"if","locations":[{"start":{"line":64,"column":8},"end":{"line":74,"column":9}},{"start":{"line":69,"column":15},"end":{"line":74,"column":9}}],"line":64},"3":{"loc":{"start":{"line":90,"column":6},"end":{"line":136,"column":7}},"type":"if","locations":[{"start":{"line":90,"column":6},"end":{"line":136,"column":7}},{"start":{"line":131,"column":13},"end":{"line":136,"column":7}}],"line":90},"4":{"loc":{"start":{"line":96,"column":8},"end":{"line":130,"column":9}},"type":"if","locations":[{"start":{"line":96,"column":8},"end":{"line":130,"column":9}},{"start":{"line":125,"column":15},"end":{"line":130,"column":9}}],"line":96},"5":{"loc":{"start":{"line":97,"column":10},"end":{"line":124,"column":11}},"type":"if","locations":[{"start":{"line":97,"column":10},"end":{"line":124,"column":11}},{"start":{"line":119,"column":17},"end":{"line":124,"column":11}}],"line":97},"6":{"loc":{"start":{"line":98,"column":12},"end":{"line":118,"column":13}},"type":"if","locations":[{"start":{"line":98,"column":12},"end":{"line":118,"column":13}},{"start":{"line":113,"column":19},"end":{"line":118,"column":13}}],"line":98}},"s":{"0":2,"1":2,"2":2,"3":2,"4":0,"5":0,"6":0,"7":0,"8":0,"9":0,"10":0,"11":0,"12":0,"13":0,"14":0,"15":0,"16":0,"17":0,"18":0,"19":0,"20":0,"21":0,"22":0,"23":0,"24":0,"25":0,"26":0,"27":0,"28":0,"29":0,"30":0,"31":0,"32":0,"33":0,"34":0,"35":0,"36":0,"37":0,"38":0,"39":0,"40":2},"f":{"0":0,"1":0,"2":0},"b":{"0":[0,0],"1":[0,0],"2":[0,0],"3":[0,0],"4":[0,0],"5":[0,0],"6":[0,0]},"_coverageSchema":"1a1c01bbd47fc00a2c39e90264f33305004495a9","hash":"f9c2007ca99623d0bad6a7a3334e13463405352a"}
,"/media/dhimas/DATA/Kuliah/SI_KampusMerdeka/Binar Academy/coding/chapter-07/todo/models/index.js": {"path":"/media/dhimas/DATA/Kuliah/SI_KampusMerdeka/Binar Academy/coding/chapter-07/todo/models/index.js","statementMap":{"0":{"start":{"line":3,"column":11},"end":{"line":3,"column":24}},"1":{"start":{"line":4,"column":13},"end":{"line":4,"column":28}},"2":{"start":{"line":5,"column":18},"end":{"line":5,"column":38}},"3":{"start":{"line":6,"column":17},"end":{"line":6,"column":42}},"4":{"start":{"line":7,"column":12},"end":{"line":7,"column":49}},"5":{"start":{"line":8,"column":15},"end":{"line":8,"column":65}},"6":{"start":{"line":9,"column":11},"end":{"line":9,"column":13}},"7":{"start":{"line":12,"column":0},"end":{"line":16,"column":1}},"8":{"start":{"line":13,"column":2},"end":{"line":13,"column":74}},"9":{"start":{"line":15,"column":2},"end":{"line":15,"column":87}},"10":{"start":{"line":18,"column":0},"end":{"line":26,"column":5}},"11":{"start":{"line":21,"column":4},"end":{"line":21,"column":90}},"12":{"start":{"line":24,"column":18},"end":{"line":24,"column":85}},"13":{"start":{"line":25,"column":4},"end":{"line":25,"column":27}},"14":{"start":{"line":28,"column":0},"end":{"line":32,"column":3}},"15":{"start":{"line":29,"column":2},"end":{"line":31,"column":3}},"16":{"start":{"line":30,"column":4},"end":{"line":30,"column":32}},"17":{"start":{"line":34,"column":0},"end":{"line":34,"column":25}},"18":{"start":{"line":35,"column":0},"end":{"line":35,"column":25}},"19":{"start":{"line":37,"column":0},"end":{"line":37,"column":20}}},"fnMap":{"0":{"name":"(anonymous_0)","decl":{"start":{"line":20,"column":10},"end":{"line":20,"column":11}},"loc":{"start":{"line":20,"column":18},"end":{"line":22,"column":3}},"line":20},"1":{"name":"(anonymous_1)","decl":{"start":{"line":23,"column":11},"end":{"line":23,"column":12}},"loc":{"start":{"line":23,"column":19},"end":{"line":26,"column":3}},"line":23},"2":{"name":"(anonymous_2)","decl":{"start":{"line":28,"column":24},"end":{"line":28,"column":25}},"loc":{"start":{"line":28,"column":37},"end":{"line":32,"column":1}},"line":28}},"branchMap":{"0":{"loc":{"start":{"line":7,"column":12},"end":{"line":7,"column":49}},"type":"binary-expr","locations":[{"start":{"line":7,"column":12},"end":{"line":7,"column":32}},{"start":{"line":7,"column":36},"end":{"line":7,"column":49}}],"line":7},"1":{"loc":{"start":{"line":12,"column":0},"end":{"line":16,"column":1}},"type":"if","locations":[{"start":{"line":12,"column":0},"end":{"line":16,"column":1}},{"start":{"line":14,"column":7},"end":{"line":16,"column":1}}],"line":12},"2":{"loc":{"start":{"line":21,"column":11},"end":{"line":21,"column":89}},"type":"binary-expr","locations":[{"start":{"line":21,"column":12},"end":{"line":21,"column":35}},{"start":{"line":21,"column":41},"end":{"line":21,"column":58}},{"start":{"line":21,"column":64},"end":{"line":21,"column":88}}],"line":21},"3":{"loc":{"start":{"line":29,"column":2},"end":{"line":31,"column":3}},"type":"if","locations":[{"start":{"line":29,"column":2},"end":{"line":31,"column":3}},{"start":{},"end":{}}],"line":29}},"s":{"0":2,"1":2,"2":2,"3":2,"4":2,"5":2,"6":2,"7":2,"8":0,"9":2,"10":2,"11":6,"12":4,"13":4,"14":2,"15":4,"16":4,"17":2,"18":2,"19":2},"f":{"0":6,"1":4,"2":4},"b":{"0":[2,0],"1":[0,2],"2":[6,6,4],"3":[4,0]},"_coverageSchema":"1a1c01bbd47fc00a2c39e90264f33305004495a9","hash":"5b3859ebd3d1cd1267bf2e21610deb54ed5941ee"}
,"/media/dhimas/DATA/Kuliah/SI_KampusMerdeka/Binar Academy/coding/chapter-07/todo/models/todo.js": {"path":"/media/dhimas/DATA/Kuliah/SI_KampusMerdeka/Binar Academy/coding/chapter-07/todo/models/todo.js","statementMap":{"0":{"start":{"line":4,"column":4},"end":{"line":4,"column":24}},"1":{"start":{"line":5,"column":0},"end":{"line":27,"column":2}},"2":{"start":{"line":16,"column":2},"end":{"line":25,"column":5}},"3":{"start":{"line":26,"column":2},"end":{"line":26,"column":14}}},"fnMap":{"0":{"name":"(anonymous_0)","decl":{"start":{"line":5,"column":17},"end":{"line":5,"column":18}},"loc":{"start":{"line":5,"column":43},"end":{"line":27,"column":1}},"line":5},"1":{"name":"(anonymous_1)","decl":{"start":{"line":12,"column":4},"end":{"line":12,"column":5}},"loc":{"start":{"line":12,"column":29},"end":{"line":14,"column":5}},"line":12}},"branchMap":{},"s":{"0":2,"1":2,"2":2,"3":2},"f":{"0":2,"1":2},"b":{},"_coverageSchema":"1a1c01bbd47fc00a2c39e90264f33305004495a9","hash":"2f601b2d7369aa8e993e63c6997fde8c36052f3e"}
,"/media/dhimas/DATA/Kuliah/SI_KampusMerdeka/Binar Academy/coding/chapter-07/todo/models/user.js": {"path":"/media/dhimas/DATA/Kuliah/SI_KampusMerdeka/Binar Academy/coding/chapter-07/todo/models/user.js","statementMap":{"0":{"start":{"line":4,"column":4},"end":{"line":4,"column":24}},"1":{"start":{"line":5,"column":0},"end":{"line":26,"column":2}},"2":{"start":{"line":16,"column":2},"end":{"line":24,"column":5}},"3":{"start":{"line":25,"column":2},"end":{"line":25,"column":14}}},"fnMap":{"0":{"name":"(anonymous_0)","decl":{"start":{"line":5,"column":17},"end":{"line":5,"column":18}},"loc":{"start":{"line":5,"column":43},"end":{"line":26,"column":1}},"line":5},"1":{"name":"(anonymous_1)","decl":{"start":{"line":12,"column":4},"end":{"line":12,"column":5}},"loc":{"start":{"line":12,"column":29},"end":{"line":14,"column":5}},"line":12}},"branchMap":{},"s":{"0":2,"1":2,"2":2,"3":2},"f":{"0":2,"1":2},"b":{},"_coverageSchema":"1a1c01bbd47fc00a2c39e90264f33305004495a9","hash":"b02b7eab3c551290a38727c653f63235f994c1dd"}
,"/media/dhimas/DATA/Kuliah/SI_KampusMerdeka/Binar Academy/coding/chapter-07/todo/routes/auth.route.js": {"path":"/media/dhimas/DATA/Kuliah/SI_KampusMerdeka/Binar Academy/coding/chapter-07/todo/routes/auth.route.js","statementMap":{"0":{"start":{"line":1,"column":16},"end":{"line":1,"column":34}},"1":{"start":{"line":2,"column":15},"end":{"line":2,"column":31}},"2":{"start":{"line":3,"column":23},"end":{"line":3,"column":64}},"3":{"start":{"line":5,"column":0},"end":{"line":5,"column":38}},"4":{"start":{"line":7,"column":0},"end":{"line":7,"column":23}}},"fnMap":{},"branchMap":{},"s":{"0":2,"1":2,"2":2,"3":2,"4":2},"f":{},"b":{},"_coverageSchema":"1a1c01bbd47fc00a2c39e90264f33305004495a9","hash":"a2f5d739e932461d395db7782b4ec7401f7321b6"}
,"/media/dhimas/DATA/Kuliah/SI_KampusMerdeka/Binar Academy/coding/chapter-07/todo/routes/index.route.js": {"path":"/media/dhimas/DATA/Kuliah/SI_KampusMerdeka/Binar Academy/coding/chapter-07/todo/routes/index.route.js","statementMap":{"0":{"start":{"line":1,"column":16},"end":{"line":1,"column":34}},"1":{"start":{"line":2,"column":15},"end":{"line":2,"column":31}},"2":{"start":{"line":3,"column":19},"end":{"line":3,"column":42}},"3":{"start":{"line":4,"column":19},"end":{"line":4,"column":42}},"4":{"start":{"line":5,"column":19},"end":{"line":5,"column":42}},"5":{"start":{"line":7,"column":0},"end":{"line":7,"column":32}},"6":{"start":{"line":8,"column":0},"end":{"line":8,"column":32}},"7":{"start":{"line":9,"column":0},"end":{"line":9,"column":31}},"8":{"start":{"line":11,"column":0},"end":{"line":11,"column":23}}},"fnMap":{},"branchMap":{},"s":{"0":2,"1":2,"2":2,"3":2,"4":2,"5":2,"6":2,"7":2,"8":2},"f":{},"b":{},"_coverageSchema":"1a1c01bbd47fc00a2c39e90264f33305004495a9","hash":"2c41e1f0f097a6fdbe0fe8c00443b98f5863a126"}
,"/media/dhimas/DATA/Kuliah/SI_KampusMerdeka/Binar Academy/coding/chapter-07/todo/routes/todo.route.js": {"path":"/media/dhimas/DATA/Kuliah/SI_KampusMerdeka/Binar Academy/coding/chapter-07/todo/routes/todo.route.js","statementMap":{"0":{"start":{"line":1,"column":16},"end":{"line":1,"column":34}},"1":{"start":{"line":2,"column":15},"end":{"line":2,"column":31}},"2":{"start":{"line":3,"column":12},"end":{"line":3,"column":35}},"3":{"start":{"line":4,"column":23},"end":{"line":4,"column":64}},"4":{"start":{"line":5,"column":17},"end":{"line":5,"column":37}},"5":{"start":{"line":6,"column":17},"end":{"line":6,"column":39}},"6":{"start":{"line":7,"column":15},"end":{"line":7,"column":32}},"7":{"start":{"line":8,"column":16},"end":{"line":8,"column":60}},"8":{"start":{"line":9,"column":15},"end":{"line":23,"column":1}},"9":{"start":{"line":13,"column":6},"end":{"line":17,"column":7}},"10":{"start":{"line":14,"column":8},"end":{"line":14,"column":22}},"11":{"start":{"line":16,"column":8},"end":{"line":16,"column":55}},"12":{"start":{"line":26,"column":0},"end":{"line":90,"column":1}},"13":{"start":{"line":66,"column":17},"end":{"line":66,"column":19}},"14":{"start":{"line":67,"column":2},"end":{"line":69,"column":3}},"15":{"start":{"line":68,"column":4},"end":{"line":68,"column":35}},"16":{"start":{"line":70,"column":2},"end":{"line":72,"column":3}},"17":{"start":{"line":71,"column":4},"end":{"line":71,"column":39}},"18":{"start":{"line":73,"column":2},"end":{"line":75,"column":3}},"19":{"start":{"line":74,"column":4},"end":{"line":74,"column":40}},"20":{"start":{"line":76,"column":2},"end":{"line":78,"column":3}},"21":{"start":{"line":77,"column":4},"end":{"line":77,"column":56}},"22":{"start":{"line":80,"column":2},"end":{"line":87,"column":3}},"23":{"start":{"line":81,"column":4},"end":{"line":84,"column":6}},"24":{"start":{"line":86,"column":4},"end":{"line":86,"column":10}},"25":{"start":{"line":92,"column":0},"end":{"line":94,"column":1}},"26":{"start":{"line":96,"column":0},"end":{"line":98,"column":1}},"27":{"start":{"line":100,"column":0},"end":{"line":133,"column":1}},"28":{"start":{"line":102,"column":17},"end":{"line":102,"column":19}},"29":{"start":{"line":103,"column":2},"end":{"line":107,"column":3}},"30":{"start":{"line":104,"column":4},"end":{"line":106,"column":5}},"31":{"start":{"line":105,"column":6},"end":{"line":105,"column":37}},"32":{"start":{"line":108,"column":2},"end":{"line":112,"column":3}},"33":{"start":{"line":109,"column":4},"end":{"line":111,"column":5}},"34":{"start":{"line":110,"column":6},"end":{"line":110,"column":41}},"35":{"start":{"line":113,"column":2},"end":{"line":115,"column":3}},"36":{"start":{"line":114,"column":4},"end":{"line":114,"column":40}},"37":{"start":{"line":117,"column":2},"end":{"line":121,"column":3}},"38":{"start":{"line":118,"column":4},"end":{"line":120,"column":5}},"39":{"start":{"line":119,"column":6},"end":{"line":119,"column":58}},"40":{"start":{"line":123,"column":2},"end":{"line":130,"column":3}},"41":{"start":{"line":124,"column":4},"end":{"line":127,"column":6}},"42":{"start":{"line":129,"column":4},"end":{"line":129,"column":10}},"43":{"start":{"line":135,"column":0},"end":{"line":137,"column":1}},"44":{"start":{"line":138,"column":0},"end":{"line":138,"column":23}}},"fnMap":{"0":{"name":"(anonymous_0)","decl":{"start":{"line":12,"column":16},"end":{"line":12,"column":17}},"loc":{"start":{"line":12,"column":35},"end":{"line":18,"column":5}},"line":12},"1":{"name":"(anonymous_1)","decl":{"start":{"line":65,"column":0},"end":{"line":65,"column":1}},"loc":{"start":{"line":65,"column":20},"end":{"line":88,"column":1}},"line":65},"2":{"name":"(anonymous_2)","decl":{"start":{"line":101,"column":0},"end":{"line":101,"column":1}},"loc":{"start":{"line":101,"column":20},"end":{"line":131,"column":1}},"line":101}},"branchMap":{"0":{"loc":{"start":{"line":13,"column":6},"end":{"line":17,"column":7}},"type":"if","locations":[{"start":{"line":13,"column":6},"end":{"line":17,"column":7}},{"start":{"line":15,"column":13},"end":{"line":17,"column":7}}],"line":13},"1":{"loc":{"start":{"line":13,"column":10},"end":{"line":13,"column":106}},"type":"binary-expr","locations":[{"start":{"line":13,"column":10},"end":{"line":13,"column":40}},{"start":{"line":13,"column":44},"end":{"line":13,"column":73}},{"start":{"line":13,"column":77},"end":{"line":13,"column":106}}],"line":13},"2":{"loc":{"start":{"line":67,"column":2},"end":{"line":69,"column":3}},"type":"if","locations":[{"start":{"line":67,"column":2},"end":{"line":69,"column":3}},{"start":{},"end":{}}],"line":67},"3":{"loc":{"start":{"line":70,"column":2},"end":{"line":72,"column":3}},"type":"if","locations":[{"start":{"line":70,"column":2},"end":{"line":72,"column":3}},{"start":{},"end":{}}],"line":70},"4":{"loc":{"start":{"line":73,"column":2},"end":{"line":75,"column":3}},"type":"if","locations":[{"start":{"line":73,"column":2},"end":{"line":75,"column":3}},{"start":{},"end":{}}],"line":73},"5":{"loc":{"start":{"line":73,"column":6},"end":{"line":73,"column":69}},"type":"binary-expr","locations":[{"start":{"line":73,"column":6},"end":{"line":73,"column":35}},{"start":{"line":73,"column":39},"end":{"line":73,"column":69}}],"line":73},"6":{"loc":{"start":{"line":76,"column":2},"end":{"line":78,"column":3}},"type":"if","locations":[{"start":{"line":76,"column":2},"end":{"line":78,"column":3}},{"start":{},"end":{}}],"line":76},"7":{"loc":{"start":{"line":80,"column":2},"end":{"line":87,"column":3}},"type":"if","locations":[{"start":{"line":80,"column":2},"end":{"line":87,"column":3}},{"start":{"line":85,"column":9},"end":{"line":87,"column":3}}],"line":80},"8":{"loc":{"start":{"line":103,"column":2},"end":{"line":107,"column":3}},"type":"if","locations":[{"start":{"line":103,"column":2},"end":{"line":107,"column":3}},{"start":{},"end":{}}],"line":103},"9":{"loc":{"start":{"line":104,"column":4},"end":{"line":106,"column":5}},"type":"if","locations":[{"start":{"line":104,"column":4},"end":{"line":106,"column":5}},{"start":{},"end":{}}],"line":104},"10":{"loc":{"start":{"line":108,"column":2},"end":{"line":112,"column":3}},"type":"if","locations":[{"start":{"line":108,"column":2},"end":{"line":112,"column":3}},{"start":{},"end":{}}],"line":108},"11":{"loc":{"start":{"line":109,"column":4},"end":{"line":111,"column":5}},"type":"if","locations":[{"start":{"line":109,"column":4},"end":{"line":111,"column":5}},{"start":{},"end":{}}],"line":109},"12":{"loc":{"start":{"line":113,"column":2},"end":{"line":115,"column":3}},"type":"if","locations":[{"start":{"line":113,"column":2},"end":{"line":115,"column":3}},{"start":{},"end":{}}],"line":113},"13":{"loc":{"start":{"line":113,"column":6},"end":{"line":113,"column":101}},"type":"binary-expr","locations":[{"start":{"line":113,"column":6},"end":{"line":113,"column":33}},{"start":{"line":113,"column":37},"end":{"line":113,"column":65}},{"start":{"line":113,"column":69},"end":{"line":113,"column":101}}],"line":113},"14":{"loc":{"start":{"line":117,"column":2},"end":{"line":121,"column":3}},"type":"if","locations":[{"start":{"line":117,"column":2},"end":{"line":121,"column":3}},{"start":{},"end":{}}],"line":117},"15":{"loc":{"start":{"line":118,"column":4},"end":{"line":120,"column":5}},"type":"if","locations":[{"start":{"line":118,"column":4},"end":{"line":120,"column":5}},{"start":{},"end":{}}],"line":118},"16":{"loc":{"start":{"line":123,"column":2},"end":{"line":130,"column":3}},"type":"if","locations":[{"start":{"line":123,"column":2},"end":{"line":130,"column":3}},{"start":{"line":128,"column":9},"end":{"line":130,"column":3}}],"line":123}},"s":{"0":2,"1":2,"2":2,"3":2,"4":2,"5":2,"6":2,"7":2,"8":2,"9":0,"10":0,"11":0,"12":2,"13":3,"14":3,"15":1,"16":3,"17":1,"18":3,"19":3,"20":3,"21":2,"22":3,"23":3,"24":0,"25":2,"26":2,"27":2,"28":5,"29":5,"30":5,"31":1,"32":5,"33":5,"34":1,"35":5,"36":1,"37":5,"38":4,"39":4,"40":5,"41":5,"42":0,"43":2,"44":2},"f":{"0":0,"1":3,"2":5},"b":{"0":[0,0],"1":[0,0,0],"2":[1,2],"3":[1,2],"4":[3,0],"5":[3,3],"6":[2,1],"7":[3,0],"8":[5,0],"9":[1,4],"10":[5,0],"11":[1,4],"12":[1,4],"13":[5,1,1],"14":[4,1],"15":[4,0],"16":[5,0]},"_coverageSchema":"1a1c01bbd47fc00a2c39e90264f33305004495a9","hash":"95d237e84d05bb7bbfaebb4b01e2fdd7272ac6ef"}
,"/media/dhimas/DATA/Kuliah/SI_KampusMerdeka/Binar Academy/coding/chapter-07/todo/routes/user.route.js": {"path":"/media/dhimas/DATA/Kuliah/SI_KampusMerdeka/Binar Academy/coding/chapter-07/todo/routes/user.route.js","statementMap":{"0":{"start":{"line":1,"column":16},"end":{"line":1,"column":34}},"1":{"start":{"line":2,"column":15},"end":{"line":2,"column":31}},"2":{"start":{"line":3,"column":23},"end":{"line":3,"column":64}},"3":{"start":{"line":5,"column":0},"end":{"line":5,"column":78}},"4":{"start":{"line":6,"column":0},"end":{"line":6,"column":82}},"5":{"start":{"line":7,"column":0},"end":{"line":7,"column":58}},"6":{"start":{"line":9,"column":0},"end":{"line":9,"column":23}}},"fnMap":{},"branchMap":{},"s":{"0":2,"1":2,"2":2,"3":2,"4":2,"5":2,"6":2},"f":{},"b":{},"_coverageSchema":"1a1c01bbd47fc00a2c39e90264f33305004495a9","hash":"1720d53bfb3c5900d0f3213476f213339c19d297"}
,"/media/dhimas/DATA/Kuliah/SI_KampusMerdeka/Binar Academy/coding/chapter-07/todo/services/cloudinary.service.js": {"path":"/media/dhimas/DATA/Kuliah/SI_KampusMerdeka/Binar Academy/coding/chapter-07/todo/services/cloudinary.service.js","statementMap":{"0":{"start":{"line":1,"column":19},"end":{"line":1,"column":43}},"1":{"start":{"line":3,"column":0},"end":{"line":8,"column":2}},"2":{"start":{"line":10,"column":0},"end":{"line":10,"column":28}}},"fnMap":{},"branchMap":{},"s":{"0":2,"1":2,"2":2},"f":{},"b":{},"_coverageSchema":"1a1c01bbd47fc00a2c39e90264f33305004495a9","hash":"bb1405a9aa08a98ef27dd283759eafee57dc569a"}
,"/media/dhimas/DATA/Kuliah/SI_KampusMerdeka/Binar Academy/coding/chapter-07/todo/services/multerStorage.service.js": {"path":"/media/dhimas/DATA/Kuliah/SI_KampusMerdeka/Binar Academy/coding/chapter-07/todo/services/multerStorage.service.js","statementMap":{"0":{"start":{"line":1,"column":15},"end":{"line":1,"column":32}},"1":{"start":{"line":2,"column":11},"end":{"line":2,"column":24}},"2":{"start":{"line":4,"column":16},"end":{"line":17,"column":2}},"3":{"start":{"line":6,"column":4},"end":{"line":11,"column":5}},"4":{"start":{"line":7,"column":6},"end":{"line":7,"column":28}},"5":{"start":{"line":9,"column":6},"end":{"line":9,"column":51}},"6":{"start":{"line":10,"column":6},"end":{"line":10,"column":28}},"7":{"start":{"line":14,"column":25},"end":{"line":14,"column":61}},"8":{"start":{"line":15,"column":4},"end":{"line":15,"column":49}},"9":{"start":{"line":19,"column":0},"end":{"line":19,"column":24}}},"fnMap":{"0":{"name":"(anonymous_0)","decl":{"start":{"line":5,"column":15},"end":{"line":5,"column":16}},"loc":{"start":{"line":5,"column":40},"end":{"line":12,"column":3}},"line":5},"1":{"name":"(anonymous_1)","decl":{"start":{"line":13,"column":12},"end":{"line":13,"column":13}},"loc":{"start":{"line":13,"column":37},"end":{"line":16,"column":3}},"line":13}},"branchMap":{"0":{"loc":{"start":{"line":6,"column":4},"end":{"line":11,"column":5}},"type":"if","locations":[{"start":{"line":6,"column":4},"end":{"line":11,"column":5}},{"start":{"line":8,"column":11},"end":{"line":11,"column":5}}],"line":6}},"s":{"0":2,"1":2,"2":2,"3":0,"4":0,"5":0,"6":0,"7":0,"8":0,"9":2},"f":{"0":0,"1":0},"b":{"0":[0,0]},"_coverageSchema":"1a1c01bbd47fc00a2c39e90264f33305004495a9","hash":"aaf76f315341541786466e2d87bdf5e10f9b02fa"}
,"/media/dhimas/DATA/Kuliah/SI_KampusMerdeka/Binar Academy/coding/chapter-07/todo/services/sendEmail.service.js": {"path":"/media/dhimas/DATA/Kuliah/SI_KampusMerdeka/Binar Academy/coding/chapter-07/todo/services/sendEmail.service.js","statementMap":{"0":{"start":{"line":1,"column":19},"end":{"line":1,"column":40}},"1":{"start":{"line":3,"column":0},"end":{"line":23,"column":1}},"2":{"start":{"line":4,"column":20},"end":{"line":12,"column":4}},"3":{"start":{"line":14,"column":15},"end":{"line":20,"column":4}},"4":{"start":{"line":22,"column":2},"end":{"line":22,"column":13}}},"fnMap":{"0":{"name":"(anonymous_0)","decl":{"start":{"line":3,"column":17},"end":{"line":3,"column":18}},"loc":{"start":{"line":3,"column":58},"end":{"line":23,"column":1}},"line":3}},"branchMap":{},"s":{"0":2,"1":2,"2":0,"3":0,"4":0},"f":{"0":0},"b":{},"_coverageSchema":"1a1c01bbd47fc00a2c39e90264f33305004495a9","hash":"decd7c1b1417dc88c3b9cc5e01f5b2535c82b752"}
}
