TN:
SF:app.js
FN:17,(anonymous_0)
FNF:1
FNH:1
FNDA:25,(anonymous_0)
DA:1,2
DA:2,2
DA:3,2
DA:4,2
DA:5,2
DA:6,2
DA:7,2
DA:8,2
DA:10,2
DA:12,2
DA:15,2
DA:16,2
DA:17,2
DA:18,25
DA:19,25
DA:21,2
DA:23,2
DA:24,2
DA:25,2
DA:31,2
LF:20
LH:20
BRF:0
BRH:0
end_of_record
TN:
SF:errorHandler.js
FN:1,(anonymous_0)
FNF:1
FNH:1
FNDA:19,(anonymous_0)
DA:1,2
DA:2,19
DA:3,11
DA:7,8
DA:8,8
DA:9,8
LF:6
LH:6
BRDA:2,0,0,11
BRDA:2,0,1,8
BRF:2
BRH:2
end_of_record
TN:
SF:passport.js
FN:15,(anonymous_0)
FN:18,(anonymous_1)
FN:19,(anonymous_2)
FNF:3
FNH:2
FNDA:3,(anonymous_0)
FNDA:3,(anonymous_1)
FNDA:0,(anonymous_2)
DA:1,2
DA:2,2
DA:3,2
DA:6,2
DA:15,2
DA:17,3
DA:18,3
DA:19,0
DA:22,2
LF:9
LH:8
BRF:0
BRH:0
end_of_record
TN:
SF:controllers/auth.controller.js
FN:9,(anonymous_0)
FNF:1
FNH:1
FNDA:3,(anonymous_0)
DA:1,2
DA:2,2
DA:3,2
DA:4,2
DA:5,2
DA:6,2
DA:10,3
DA:11,3
DA:12,3
DA:18,3
DA:19,2
DA:24,1
DA:25,1
DA:30,1
DA:34,0
DA:39,0
DA:41,0
DA:46,0
DA:52,0
DA:53,0
DA:57,0
DA:59,0
DA:62,0
DA:66,0
DA:69,0
DA:70,0
DA:72,0
DA:78,0
DA:79,0
DA:83,0
DA:85,0
DA:89,0
DA:93,0
DA:97,2
DA:102,2
LF:35
LH:16
BRDA:11,0,0,3
BRDA:11,0,1,0
BRDA:11,1,0,3
BRDA:11,1,1,3
BRDA:18,2,0,2
BRDA:18,2,1,1
BRDA:24,3,0,1
BRDA:24,3,1,0
BRDA:39,4,0,0
BRDA:39,4,1,0
BRDA:52,5,0,0
BRDA:52,5,1,0
BRDA:69,6,0,0
BRDA:69,6,1,0
BRDA:78,7,0,0
BRDA:78,7,1,0
BRF:16
BRH:6
end_of_record
TN:
SF:controllers/todo.controller.js
FN:6,(anonymous_0)
FN:29,(anonymous_1)
FN:43,(anonymous_2)
FN:76,(anonymous_3)
FN:92,(anonymous_4)
FNF:5
FNH:3
FNDA:0,(anonymous_0)
FNDA:3,(anonymous_1)
FNDA:5,(anonymous_2)
FNDA:0,(anonymous_3)
FNDA:4,(anonymous_4)
DA:1,2
DA:2,2
DA:3,2
DA:7,0
DA:9,0
DA:11,0
DA:12,0
DA:14,0
DA:21,0
DA:25,0
DA:30,3
DA:31,3
DA:37,0
DA:39,3
DA:44,5
DA:45,5
DA:51,5
DA:52,1
DA:57,4
DA:58,0
DA:63,0
DA:72,5
DA:77,0
DA:78,0
DA:84,0
DA:88,0
DA:93,4
DA:94,4
DA:100,4
DA:101,0
DA:106,4
DA:107,0
DA:112,0
DA:117,0
DA:123,4
DA:128,2
LF:36
LH:18
BRDA:51,0,0,1
BRDA:51,0,1,4
BRDA:57,1,0,0
BRDA:57,1,1,0
BRDA:100,2,0,0
BRDA:100,2,1,4
BRDA:106,3,0,0
BRDA:106,3,1,0
BRF:8
BRH:3
end_of_record
TN:
SF:controllers/user.controller.js
FN:7,(anonymous_0)
FN:55,(anonymous_1)
FN:86,(anonymous_2)
FNF:3
FNH:0
FNDA:0,(anonymous_0)
FNDA:0,(anonymous_1)
FNDA:0,(anonymous_2)
DA:1,2
DA:2,2
DA:3,2
DA:4,2
DA:14,0
DA:15,0
DA:21,0
DA:22,0
DA:27,0
DA:28,0
DA:29,0
DA:30,0
DA:38,0
DA:44,0
DA:45,0
DA:51,0
DA:56,0
DA:57,0
DA:62,0
DA:63,0
DA:64,0
DA:65,0
DA:70,0
DA:76,0
DA:82,0
DA:89,0
DA:90,0
DA:91,0
DA:96,0
DA:97,0
DA:98,0
DA:99,0
DA:100,0
DA:101,0
DA:110,0
DA:114,0
DA:120,0
DA:126,0
DA:132,0
DA:138,0
DA:143,2
LF:41
LH:5
BRDA:21,0,0,0
BRDA:21,0,1,0
BRDA:63,1,0,0
BRDA:63,1,1,0
BRDA:64,2,0,0
BRDA:64,2,1,0
BRDA:90,3,0,0
BRDA:90,3,1,0
BRDA:96,4,0,0
BRDA:96,4,1,0
BRDA:97,5,0,0
BRDA:97,5,1,0
BRDA:98,6,0,0
BRDA:98,6,1,0
BRF:14
BRH:0
end_of_record
TN:
SF:models/index.js
FN:20,(anonymous_0)
FN:23,(anonymous_1)
FN:28,(anonymous_2)
FNF:3
FNH:3
FNDA:6,(anonymous_0)
FNDA:4,(anonymous_1)
FNDA:4,(anonymous_2)
DA:3,2
DA:4,2
DA:5,2
DA:6,2
DA:7,2
DA:8,2
DA:9,2
DA:12,2
DA:13,0
DA:15,2
DA:18,2
DA:21,6
DA:24,4
DA:25,4
DA:28,2
DA:29,4
DA:30,4
DA:34,2
DA:35,2
DA:37,2
LF:20
LH:19
BRDA:7,0,0,2
BRDA:7,0,1,0
BRDA:12,1,0,0
BRDA:12,1,1,2
BRDA:21,2,0,6
BRDA:21,2,1,6
BRDA:21,2,2,4
BRDA:29,3,0,4
BRDA:29,3,1,0
BRF:9
BRH:6
end_of_record
TN:
SF:models/todo.js
FN:5,(anonymous_0)
FN:12,(anonymous_1)
FNF:2
FNH:2
FNDA:2,(anonymous_0)
FNDA:2,(anonymous_1)
DA:4,2
DA:5,2
DA:16,2
DA:26,2
LF:4
LH:4
BRF:0
BRH:0
end_of_record
TN:
SF:models/user.js
FN:5,(anonymous_0)
FN:12,(anonymous_1)
FNF:2
FNH:2
FNDA:2,(anonymous_0)
FNDA:2,(anonymous_1)
DA:4,2
DA:5,2
DA:16,2
DA:25,2
LF:4
LH:4
BRF:0
BRH:0
end_of_record
TN:
SF:routes/auth.route.js
FNF:0
FNH:0
DA:1,2
DA:2,2
DA:3,2
DA:5,2
DA:7,2
LF:5
LH:5
BRF:0
BRH:0
end_of_record
TN:
SF:routes/index.route.js
FNF:0
FNH:0
DA:1,2
DA:2,2
DA:3,2
DA:4,2
DA:5,2
DA:7,2
DA:8,2
DA:9,2
DA:11,2
LF:9
LH:9
BRF:0
BRH:0
end_of_record
TN:
SF:routes/todo.route.js
FN:12,(anonymous_0)
FN:65,(anonymous_1)
FN:101,(anonymous_2)
FNF:3
FNH:2
FNDA:0,(anonymous_0)
FNDA:3,(anonymous_1)
FNDA:5,(anonymous_2)
DA:1,2
DA:2,2
DA:3,2
DA:4,2
DA:5,2
DA:6,2
DA:7,2
DA:8,2
DA:9,2
DA:13,0
DA:14,0
DA:16,0
DA:26,2
DA:66,3
DA:67,3
DA:68,1
DA:70,3
DA:71,1
DA:73,3
DA:74,3
DA:76,3
DA:77,2
DA:80,3
DA:81,3
DA:86,0
DA:92,2
DA:96,2
DA:100,2
DA:102,5
DA:103,5
DA:104,5
DA:105,1
DA:108,5
DA:109,5
DA:110,1
DA:113,5
DA:114,1
DA:117,5
DA:118,4
DA:119,4
DA:123,5
DA:124,5
DA:129,0
DA:135,2
DA:138,2
LF:45
LH:40
BRDA:13,0,0,0
BRDA:13,0,1,0
BRDA:13,1,0,0
BRDA:13,1,1,0
BRDA:13,1,2,0
BRDA:67,2,0,1
BRDA:67,2,1,2
BRDA:70,3,0,1
BRDA:70,3,1,2
BRDA:73,4,0,3
BRDA:73,4,1,0
BRDA:73,5,0,3
BRDA:73,5,1,3
BRDA:76,6,0,2
BRDA:76,6,1,1
BRDA:80,7,0,3
BRDA:80,7,1,0
BRDA:103,8,0,5
BRDA:103,8,1,0
BRDA:104,9,0,1
BRDA:104,9,1,4
BRDA:108,10,0,5
BRDA:108,10,1,0
BRDA:109,11,0,1
BRDA:109,11,1,4
BRDA:113,12,0,1
BRDA:113,12,1,4
BRDA:113,13,0,5
BRDA:113,13,1,1
BRDA:113,13,2,1
BRDA:117,14,0,4
BRDA:117,14,1,1
BRDA:118,15,0,4
BRDA:118,15,1,0
BRDA:123,16,0,5
BRDA:123,16,1,0
BRF:36
BRH:25
end_of_record
TN:
SF:routes/user.route.js
FNF:0
FNH:0
DA:1,2
DA:2,2
DA:3,2
DA:5,2
DA:6,2
DA:7,2
DA:9,2
LF:7
LH:7
BRF:0
BRH:0
end_of_record
TN:
SF:services/cloudinary.service.js
FNF:0
FNH:0
DA:1,2
DA:3,2
DA:10,2
LF:3
LH:3
BRF:0
BRH:0
end_of_record
TN:
SF:services/multerStorage.service.js
FN:5,(anonymous_0)
FN:13,(anonymous_1)
FNF:2
FNH:0
FNDA:0,(anonymous_0)
FNDA:0,(anonymous_1)
DA:1,2
DA:2,2
DA:4,2
DA:6,0
DA:7,0
DA:9,0
DA:10,0
DA:14,0
DA:15,0
DA:19,2
LF:10
LH:4
BRDA:6,0,0,0
BRDA:6,0,1,0
BRF:2
BRH:0
end_of_record
TN:
SF:services/sendEmail.service.js
FN:3,(anonymous_0)
FNF:1
FNH:0
FNDA:0,(anonymous_0)
DA:1,2
DA:3,2
DA:4,0
DA:14,0
DA:22,0
LF:5
LH:2
BRF:0
BRH:0
end_of_record
